<?xml version="1.0" encoding="UTF-8"?>
<testsuite xmlns:xsi="http://www.w3.org/2001/XMLSchema-instance" xsi:noNamespaceSchemaLocation="https://maven.apache.org/surefire/maven-surefire-plugin/xsd/surefire-test-report.xsd" name="com.bit.java_image_server.test.ImageDaoTest" time="0.319" tests="5" errors="0" skipped="0" failures="0">
  <properties>
    <property name="sun.desktop" value="windows"/>
    <property name="awt.toolkit" value="sun.awt.windows.WToolkit"/>
    <property name="file.encoding.pkg" value="sun.io"/>
    <property name="java.specification.version" value="1.8"/>
    <property name="sun.cpu.isalist" value="amd64"/>
    <property name="sun.jnu.encoding" value="GBK"/>
    <property name="java.class.path" value="C:\Users\18591\image1\target\test-classes;C:\Users\18591\image1\target\classes;C:\Users\18591\.m2\repository\javax\servlet\javax.servlet-api\3.1.0\javax.servlet-api-3.1.0.jar;C:\Users\18591\.m2\repository\junit\junit\4.11\junit-4.11.jar;C:\Users\18591\.m2\repository\org\hamcrest\hamcrest-core\1.3\hamcrest-core-1.3.jar;C:\Users\18591\.m2\repository\mysql\mysql-connector-java\5.1.47\mysql-connector-java-5.1.47.jar;C:\Users\18591\.m2\repository\commons-fileupload\commons-fileupload\1.4\commons-fileupload-1.4.jar;C:\Users\18591\.m2\repository\commons-io\commons-io\2.2\commons-io-2.2.jar;C:\Users\18591\.m2\repository\com\google\code\gson\gson\2.8.5\gson-2.8.5.jar;C:\Users\18591\.m2\repository\commons-codec\commons-codec\1.13\commons-codec-1.13.jar;"/>
    <property name="java.vm.vendor" value="Oracle Corporation"/>
    <property name="sun.arch.data.model" value="64"/>
    <property name="user.variant" value=""/>
    <property name="java.vendor.url" value="http://java.oracle.com/"/>
    <property name="user.timezone" value="Asia/Shanghai"/>
    <property name="java.vm.specification.version" value="1.8"/>
    <property name="os.name" value="Windows 10"/>
    <property name="user.country" value="CN"/>
    <property name="sun.java.launcher" value="SUN_STANDARD"/>
    <property name="sun.boot.library.path" value="C:\proTools\Java\jdk1.8\jre\bin"/>
    <property name="sun.java.command" value="C:\Users\18591\AppData\Local\Temp\surefire4048088106357299002\surefirebooter6791880137380245387.jar C:\Users\18591\AppData\Local\Temp\surefire4048088106357299002 2020-05-07T11-37-57_933-jvmRun1 surefire8742410187007941158tmp surefire_05610263694800272345tmp"/>
    <property name="surefire.test.class.path" value="C:\Users\18591\image1\target\test-classes;C:\Users\18591\image1\target\classes;C:\Users\18591\.m2\repository\javax\servlet\javax.servlet-api\3.1.0\javax.servlet-api-3.1.0.jar;C:\Users\18591\.m2\repository\junit\junit\4.11\junit-4.11.jar;C:\Users\18591\.m2\repository\org\hamcrest\hamcrest-core\1.3\hamcrest-core-1.3.jar;C:\Users\18591\.m2\repository\mysql\mysql-connector-java\5.1.47\mysql-connector-java-5.1.47.jar;C:\Users\18591\.m2\repository\commons-fileupload\commons-fileupload\1.4\commons-fileupload-1.4.jar;C:\Users\18591\.m2\repository\commons-io\commons-io\2.2\commons-io-2.2.jar;C:\Users\18591\.m2\repository\com\google\code\gson\gson\2.8.5\gson-2.8.5.jar;C:\Users\18591\.m2\repository\commons-codec\commons-codec\1.13\commons-codec-1.13.jar;"/>
    <property name="sun.cpu.endian" value="little"/>
    <property name="user.home" value="C:\Users\18591"/>
    <property name="user.language" value="zh"/>
    <property name="java.specification.vendor" value="Oracle Corporation"/>
    <property name="java.home" value="C:\proTools\Java\jdk1.8\jre"/>
    <property name="basedir" value="C:\Users\18591\image1"/>
    <property name="file.separator" value="\"/>
    <property name="line.separator" value="&#10;"/>
    <property name="java.vm.specification.vendor" value="Oracle Corporation"/>
    <property name="java.specification.name" value="Java Platform API Specification"/>
    <property name="java.awt.graphicsenv" value="sun.awt.Win32GraphicsEnvironment"/>
    <property name="surefire.real.class.path" value="C:\Users\18591\AppData\Local\Temp\surefire4048088106357299002\surefirebooter6791880137380245387.jar"/>
    <property name="sun.boot.class.path" value="C:\proTools\Java\jdk1.8\jre\lib\resources.jar;C:\proTools\Java\jdk1.8\jre\lib\rt.jar;C:\proTools\Java\jdk1.8\jre\lib\sunrsasign.jar;C:\proTools\Java\jdk1.8\jre\lib\jsse.jar;C:\proTools\Java\jdk1.8\jre\lib\jce.jar;C:\proTools\Java\jdk1.8\jre\lib\charsets.jar;C:\proTools\Java\jdk1.8\jre\lib\jfr.jar;C:\proTools\Java\jdk1.8\jre\classes"/>
    <property name="user.script" value=""/>
    <property name="sun.management.compiler" value="HotSpot 64-Bit Tiered Compilers"/>
    <property name="java.runtime.version" value="1.8.0_111-b14"/>
    <property name="user.name" value="18591"/>
    <property name="path.separator" value=";"/>
    <property name="os.version" value="10.0"/>
    <property name="java.endorsed.dirs" value="C:\proTools\Java\jdk1.8\jre\lib\endorsed"/>
    <property name="java.runtime.name" value="Java(TM) SE Runtime Environment"/>
    <property name="file.encoding" value="GBK"/>
    <property name="java.vm.name" value="Java HotSpot(TM) 64-Bit Server VM"/>
    <property name="localRepository" value="C:\Users\18591\.m2\repository"/>
    <property name="java.vendor.url.bug" value="http://bugreport.sun.com/bugreport/"/>
    <property name="java.io.tmpdir" value="C:\Users\18591\AppData\Local\Temp\"/>
    <property name="idea.version" value="2018.1.6"/>
    <property name="java.version" value="1.8.0_111"/>
    <property name="user.dir" value="C:\Users\18591\image1"/>
    <property name="os.arch" value="amd64"/>
    <property name="java.vm.specification.name" value="Java Virtual Machine Specification"/>
    <property name="java.awt.printerjob" value="sun.awt.windows.WPrinterJob"/>
    <property name="sun.os.patch.level" value=""/>
    <property name="java.library.path" value="C:\proTools\Java\jdk1.8\jre\bin;C:\Windows\Sun\Java\bin;C:\Windows\system32;C:\Windows;C:\proTools\Xshell 6\;C:\ProgramData\Oracle\Java\javapath;C:\Program Files (x86)\Intel\Intel(R) Management Engine Components\iCLS\;C:\Program Files\Intel\Intel(R) Management Engine Components\iCLS\;C:\Windows\system32;C:\Windows;C:\Windows\System32\Wbem;C:\Windows\System32\WindowsPowerShell\v1.0\;C:\Windows\System32\OpenSSH\;C:\Program Files (x86)\Intel\Intel(R) Management Engine Components\DAL;C:\Program Files\Intel\Intel(R) Management Engine Components\DAL;C:\Program Files (x86)\Intel\Intel(R) Management Engine Components\IPT;C:\Program Files\Intel\Intel(R) Management Engine Components\IPT;C:\Program Files (x86)\NVIDIA Corporation\PhysX\Common;C:\Program Files\NVIDIA Corporation\NVIDIA NvDLISR;C:\Program Files\Intel\WiFi\bin\;C:\Program Files\Common Files\Intel\WirelessCommon\;C:\proTools\Java\jdk1.8\bin;C:\proTools\Git\cmd;C:\proTools\TortoiseSVN\bin;C:\proTools\db\MySQL\MySQL Server 5.5\bin;C:\proTools\maven3.5.0\bin;%MAVEN_HOME%\bin;C:\proTools\vscode\Microsoft VS Code\bin;C:\application\pict\;C:\soft\程序开发\sonar-scanner-cli-4.2.0.1873-windows\sonar-scanner-4.2.0.1873-windows\bin;C:\soft\程序开发\mysql-5.6.46-winx64\mysql-5.6.46-winx64\bin;C:\application\Mozilla Firefox;C:\Users\18591\AppData\Local\Programs\Python\Python38\Scripts\;C:\proTools\TortoiseGit\bin;C:\proTools\loaderrunner\strawberry-perl\perl\bin;C:\Users\18591\AppData\Local\Programs\Python\Python38\Scripts\;C:\Users\18591\AppData\Local\Programs\Python\Python38\;C:\Users\18591\AppData\Local\Microsoft\WindowsApps;&quot;.;C:\proTools\Java\jdk1.8\bin;&quot;;;C:\proTools\pychram\PyCharm Community Edition 2019.3\bin;;."/>
    <property name="java.vm.info" value="mixed mode"/>
    <property name="java.vendor" value="Oracle Corporation"/>
    <property name="java.vm.version" value="25.111-b14"/>
    <property name="java.ext.dirs" value="C:\proTools\Java\jdk1.8\jre\lib\ext;C:\Windows\Sun\Java\lib\ext"/>
    <property name="sun.io.unicode.encoding" value="UnicodeLittle"/>
    <property name="java.class.version" value="52.0"/>
  </properties>
  <testcase name="selectAll" classname="com.bit.java_image_server.test.ImageDaoTest" time="0.294"/>
  <testcase name="selectOne" classname="com.bit.java_image_server.test.ImageDaoTest" time="0"/>
  <testcase name="delete" classname="com.bit.java_image_server.test.ImageDaoTest" time="0"/>
  <testcase name="insert" classname="com.bit.java_image_server.test.ImageDaoTest" time="0"/>
  <testcase name="selectByMD5" classname="com.bit.java_image_server.test.ImageDaoTest" time="0"/>
</testsuite>